This is pdfTeX, Version 3.1415926-2.3-1.40.12 (MiKTeX 2.9 64-bit) (preloaded format=pdflatex 2012.9.20)  21 SEP 2012 23:48
entering extended mode
**C:/Shengbo/Research/Submissions/MLJ_submission_basedon_ECML_2012_sbsl/sbsl_ml
j.tex

(C:/Shengbo/Research/Submissions/MLJ_submission_basedon_ECML_2012_sbsl/sbsl_mlj
.tex
LaTeX2e <2011/06/27>
Babel <v3.8m> and hyphenation patterns for english, afrikaans, ancientgreek, ar
abic, armenian, assamese, basque, bengali, bokmal, bulgarian, catalan, coptic, 
croatian, czech, danish, dutch, esperanto, estonian, farsi, finnish, french, ga
lician, german, german-x-2009-06-19, greek, gujarati, hindi, hungarian, iceland
ic, indonesian, interlingua, irish, italian, kannada, kurmanji, lao, latin, lat
vian, lithuanian, malayalam, marathi, mongolian, mongolianlmc, monogreek, ngerm
an, ngerman-x-2009-06-19, nynorsk, oriya, panjabi, pinyin, polish, portuguese, 
romanian, russian, sanskrit, serbian, slovak, slovenian, spanish, swedish, swis
sgerman, tamil, telugu, turkish, turkmen, ukenglish, ukrainian, uppersorbian, u
senglishmax, welsh, loaded.
("C:\Program Files\MiKTeX 2.9\tex\latex\base\fix-cm.sty"
Package: fix-cm 2006/09/13 v1.1m fixes to LaTeX

("C:\Program Files\MiKTeX 2.9\tex\latex\base\ts1enc.def"
File: ts1enc.def 2001/06/05 v3.0e (jk/car/fm) Standard LaTeX file
))
(C:\Shengbo\Research\Submissions\MLJ_submission_basedon_ECML_2012_sbsl\svjour3.
cls
Document Class: svjour3 2007/05/08 v3.2 
LaTeX document class for Springer journals
Class Springer-SVJour3 Info: extra/valid Springer sub-package (-> *.clo) 
(Springer-SVJour3)           not found in option list of \documentclass
(Springer-SVJour3)           - autoactivating "global" style.

(C:\Shengbo\Research\Submissions\MLJ_submission_basedon_ECML_2012_sbsl\svglov3.
clo
File: svglov3.clo 2009/12/18 v3.2 style option for standardised journals

SVJour Class option: svglov3.clo for standardised journals
)
LaTeX Font Info:    Redeclaring math symbol \Gamma on input line 147.
LaTeX Font Info:    Redeclaring math symbol \Delta on input line 148.
LaTeX Font Info:    Redeclaring math symbol \Theta on input line 149.
LaTeX Font Info:    Redeclaring math symbol \Lambda on input line 150.
LaTeX Font Info:    Redeclaring math symbol \Xi on input line 151.
LaTeX Font Info:    Redeclaring math symbol \Pi on input line 152.
LaTeX Font Info:    Redeclaring math symbol \Sigma on input line 153.
LaTeX Font Info:    Redeclaring math symbol \Upsilon on input line 154.
LaTeX Font Info:    Redeclaring math symbol \Phi on input line 155.
LaTeX Font Info:    Redeclaring math symbol \Psi on input line 156.
LaTeX Font Info:    Redeclaring math symbol \Omega on input line 157.
\logodepth=\dimen102
\headerboxheight=\dimen103
\betweenumberspace=\dimen104
\aftertext=\dimen105
\headlineindent=\dimen106
\c@inst=\count79
\c@auth=\count80
\instindent=\dimen107
\authrun=\box26
\authorrunning=\toks14
\titrun=\box27
\titlerunning=\toks15
\combirun=\box28
\c@lastpage=\count81
\rubricwidth=\dimen108
\c@section=\count82
\c@subsection=\count83
\c@subsubsection=\count84
\c@paragraph=\count85
\c@subparagraph=\count86
\spthmsep=\dimen109
\c@theorem=\count87
\c@case=\count88
\c@conjecture=\count89
\c@corollary=\count90
\c@definition=\count91
\c@example=\count92
\c@exercise=\count93
\c@lemma=\count94
\c@note=\count95
\c@problem=\count96
\c@property=\count97
\c@proposition=\count98
\c@question=\count99
\c@solution=\count100
\c@remark=\count101
\c@figure=\count102
\c@table=\count103
\abovecaptionskip=\skip41
\belowcaptionskip=\skip42
\figcapgap=\dimen110
\tabcapgap=\dimen111
\figgap=\dimen112
\bibindent=\dimen113
\@tempcntc=\count104
) ("C:\Program Files\MiKTeX 2.9\tex\latex\graphics\graphicx.sty"
Package: graphicx 1999/02/16 v1.0f Enhanced LaTeX Graphics (DPC,SPQR)

("C:\Program Files\MiKTeX 2.9\tex\latex\graphics\keyval.sty"
Package: keyval 1999/03/16 v1.13 key=value parser (DPC)
\KV@toks@=\toks16
)
("C:\Program Files\MiKTeX 2.9\tex\latex\graphics\graphics.sty"
Package: graphics 2009/02/05 v1.0o Standard LaTeX Graphics (DPC,SPQR)

("C:\Program Files\MiKTeX 2.9\tex\latex\graphics\trig.sty"
Package: trig 1999/03/16 v1.09 sin cos tan (DPC)
)
("C:\Program Files\MiKTeX 2.9\tex\latex\00miktex\graphics.cfg"
File: graphics.cfg 2007/01/18 v1.5 graphics configuration of teTeX/TeXLive
)
Package graphics Info: Driver file: pdftex.def on input line 91.

("C:\Program Files\MiKTeX 2.9\tex\latex\pdftex-def\pdftex.def"
File: pdftex.def 2011/05/27 v0.06d Graphics/color for pdfTeX

("C:\Program Files\MiKTeX 2.9\tex\generic\oberdiek\infwarerr.sty"
Package: infwarerr 2010/04/08 v1.3 Providing info/warning/message (HO)
)
("C:\Program Files\MiKTeX 2.9\tex\generic\oberdiek\ltxcmds.sty"
Package: ltxcmds 2011/04/18 v1.20 LaTeX kernel commands for general use (HO)
)
\Gread@gobject=\count105
))
\Gin@req@height=\dimen114
\Gin@req@width=\dimen115
)
("C:\Program Files\MiKTeX 2.9\tex\latex\amsfonts\amssymb.sty"
Package: amssymb 2009/06/22 v3.00

("C:\Program Files\MiKTeX 2.9\tex\latex\amsfonts\amsfonts.sty"
Package: amsfonts 2009/06/22 v3.00 Basic AMSFonts support
\@emptytoks=\toks17
\symAMSa=\mathgroup4
\symAMSb=\mathgroup5
LaTeX Font Info:    Overwriting math alphabet `\mathfrak' in version `bold'
(Font)                  U/euf/m/n --> U/euf/b/n on input line 96.
))
("C:\Program Files\MiKTeX 2.9\tex\latex\ams\math\amsmath.sty"
Package: amsmath 2000/07/18 v2.13 AMS math features
\@mathmargin=\skip43

For additional information on amsmath, use the `?' option.
("C:\Program Files\MiKTeX 2.9\tex\latex\ams\math\amstext.sty"
Package: amstext 2000/06/29 v2.01

("C:\Program Files\MiKTeX 2.9\tex\latex\ams\math\amsgen.sty"
File: amsgen.sty 1999/11/30 v2.0
\@emptytoks=\toks18
\ex@=\dimen116
))
("C:\Program Files\MiKTeX 2.9\tex\latex\ams\math\amsbsy.sty"
Package: amsbsy 1999/11/29 v1.2d
\pmbraise@=\dimen117
)
("C:\Program Files\MiKTeX 2.9\tex\latex\ams\math\amsopn.sty"
Package: amsopn 1999/12/14 v2.01 operator names
)
\inf@bad=\count106
LaTeX Info: Redefining \frac on input line 211.
\uproot@=\count107
\leftroot@=\count108
LaTeX Info: Redefining \overline on input line 307.
\classnum@=\count109
\DOTSCASE@=\count110
LaTeX Info: Redefining \ldots on input line 379.
LaTeX Info: Redefining \dots on input line 382.
LaTeX Info: Redefining \cdots on input line 467.
\Mathstrutbox@=\box29
\strutbox@=\box30
\big@size=\dimen118
LaTeX Font Info:    Redeclaring font encoding OML on input line 567.
LaTeX Font Info:    Redeclaring font encoding OMS on input line 568.


Package amsmath Warning: Unable to redefine math accent \vec.

\macc@depth=\count111
\c@MaxMatrixCols=\count112
\dotsspace@=\muskip10
\c@parentequation=\count113
\dspbrk@lvl=\count114
\tag@help=\toks19
\row@=\count115
\column@=\count116
\maxfields@=\count117
\andhelp@=\toks20
\eqnshift@=\dimen119
\alignsep@=\dimen120
\tagshift@=\dimen121
\tagwidth@=\dimen122
\totwidth@=\dimen123
\lineht@=\dimen124
\@envbody=\toks21
\multlinegap=\skip44
\multlinetaggap=\skip45
\mathdisplay@stack=\toks22
LaTeX Info: Redefining \[ on input line 2666.
LaTeX Info: Redefining \] on input line 2667.
) (C:\Users\sguo\AppData\Roaming\MiKTeX\2.9\tex\latex\subfigure\subfigure.sty
Package: subfigure 2002/07/30 v2.1.4 subfigure package
\subfigtopskip=\skip46
\subfigcapskip=\skip47
\subfigcaptopadj=\dimen125
\subfigbottomskip=\skip48
\subfigcapmargin=\dimen126
\subfiglabelskip=\skip49
\c@subfigure=\count118
\c@lofdepth=\count119
\c@subtable=\count120
\c@lotdepth=\count121

****************************************
* Local config file subfigure.cfg used *
****************************************
(C:\Users\sguo\AppData\Roaming\MiKTeX\2.9\tex\latex\subfigure\subfigure.cfg)
\subfig@top=\skip50
\subfig@bottom=\skip51
)
("C:\Program Files\MiKTeX 2.9\tex\latex\graphics\epsfig.sty"
Package: epsfig 1999/02/16 v1.7a (e)psfig emulation (SPQR)
\epsfxsize=\dimen127
\epsfysize=\dimen128
)
("C:\Program Files\MiKTeX 2.9\tex\latex\ltxmisc\url.sty"
\Urlmuskip=\muskip11
Package: url 2006/04/12  ver 3.3  Verb mode for urls, etc.
)
(C:\Shengbo\Research\Submissions\MLJ_submission_basedon_ECML_2012_sbsl\sbsl_mlj
.aux

LaTeX Warning: Label `karlis09BayesianModellingFootballOutcomes' multiply defin
ed.


LaTeX Warning: Label `Moroney56FactsFromFigures' multiply defined.

)
LaTeX Font Info:    Checking defaults for OML/cmm/m/it on input line 84.
LaTeX Font Info:    ... okay on input line 84.
LaTeX Font Info:    Checking defaults for T1/cmr/m/n on input line 84.
LaTeX Font Info:    ... okay on input line 84.
LaTeX Font Info:    Checking defaults for OT1/cmr/m/n on input line 84.
LaTeX Font Info:    ... okay on input line 84.
LaTeX Font Info:    Checking defaults for OMS/cmsy/m/n on input line 84.
LaTeX Font Info:    ... okay on input line 84.
LaTeX Font Info:    Checking defaults for OMX/cmex/m/n on input line 84.
LaTeX Font Info:    ... okay on input line 84.
LaTeX Font Info:    Checking defaults for U/cmr/m/n on input line 84.
LaTeX Font Info:    ... okay on input line 84.
LaTeX Font Info:    Checking defaults for TS1/cmr/m/n on input line 84.
LaTeX Font Info:    ... okay on input line 84.

Unknown journal: specify \journalname{<name of your journal>} in preambel

(C:\Users\sguo\AppData\Roaming\MiKTeX\2.9\tex\context\base\supp-pdf.mkii
[Loading MPS to PDF converter (version 2006.09.02).]
\scratchcounter=\count122
\scratchdimen=\dimen129
\scratchbox=\box31
\nofMPsegments=\count123
\nofMParguments=\count124
\everyMPshowfont=\toks23
\MPscratchCnt=\count125
\MPscratchDim=\dimen130
\MPnumerator=\count126
\makeMPintoPDFobject=\count127
\everyMPtoPDFconversion=\toks24
)
SVJour3 warning: Missing \journalname
LaTeX Font Info:    Try loading font information for U+msa on input line 126.
("C:\Program Files\MiKTeX 2.9\tex\latex\amsfonts\umsa.fd"
File: umsa.fd 2009/06/22 v3.00 AMS symbols A
)
LaTeX Font Info:    Try loading font information for U+msb on input line 126.

("C:\Program Files\MiKTeX 2.9\tex\latex\amsfonts\umsb.fd"
File: umsb.fd 2009/06/22 v3.00 AMS symbols B
)
(C:\Shengbo\Research\Submissions\MLJ_submission_basedon_ECML_2012_sbsl\abstract
.tex) [1{C:/Users/sguo/AppData/Local/MiKTeX/2.9/pdftex/config/pdftex.map}]
(C:\Shengbo\Research\Submissions\MLJ_submission_basedon_ECML_2012_sbsl\introduc
tion.tex) [2]
(C:\Shengbo\Research\Submissions\MLJ_submission_basedon_ECML_2012_sbsl\trueskil
l.tex
Overfull \hbox (5.33395pt too wide) in paragraph at lines 1--8
\OT1/cmr/m/n/10 Since our score-based Bayesian skill learn-ing con-tri-bu-tions
 build on TrueSkill [5],
 []

[3] <TrueSkill.pdf, id=27, 580.1675pt x 640.3925pt>
File: TrueSkill.pdf Graphic file (type pdf)
 <use TrueSkill.pdf>
Package pdftex.def Info: TrueSkill.pdf used on input line 62.
(pdftex.def)             Requested size: 174.05157pt x 192.11923pt.
)
(C:\Shengbo\Research\Submissions\MLJ_submission_basedon_ECML_2012_sbsl\model.te
x [4 <C:/Shengbo/Research/Submissions/MLJ_submission_basedon_ECML_2012_sbsl/Tru
eSkill.pdf>] [5] <modelAndInference.pdf, id=50, 950.55125pt x 696.6025pt>
File: modelAndInference.pdf Graphic file (type pdf)

<use modelAndInference.pdf>
Package pdftex.def Info: modelAndInference.pdf used on input line 119.
(pdftex.def)             Requested size: 266.15253pt x 195.04736pt.
 [6]
Underfull \vbox (badness 10000) has occurred while \output is active []

 [7 <C:/Shengbo/Research/Submissions/MLJ_submission_basedon_ECML_2012_sbsl/mode
lAndInference.pdf>]
<modelAndInferenceGaussianGraphicalModelScoreDifference.pdf, id=76, 580.1675pt 
x 626.34pt>
File: modelAndInferenceGaussianGraphicalModelScoreDifference.pdf Graphic file (
type pdf)
 <use modelAndInferenceGaussianGraphicalModelScoreDifference.pdf>
Package pdftex.def Info: modelAndInferenceGaussianGraphicalModelScoreDifference
.pdf used on input line 199.
(pdftex.def)             Requested size: 159.54211pt x 172.23924pt.
)
(C:\Shengbo\Research\Submissions\MLJ_submission_basedon_ECML_2012_sbsl\inferenc
e.tex [8 <C:/Shengbo/Research/Submissions/MLJ_submission_basedon_ECML_2012_sbsl
/modelAndInferenceGaussianGraphicalModelScoreDifference.pdf>]
Overfull \hbox (8.14456pt too wide) in paragraph at lines 64--80
 \OT1/cmr/m/n/10 To avoid clut-tered no-ta-tion, let us use $\OML/cmm/m/it/10 m
[]\OT1/cmr/m/n/10 (\OML/cmm/m/it/10 x\OT1/cmr/m/n/10 )$ to rep-re-sent $\OML/cm
m/m/it/10 m[]\OT1/cmr/m/n/10 (\OML/cmm/m/it/10 x\OT1/cmr/m/n/10 ) = \OMS/cmsy/m
/n/10 N\OT1/cmr/m/n/10 (\OML/cmm/m/it/10 x\OT1/cmr/m/n/10 ; \OML/cmm/m/it/10 ;
 []\OT1/cmr/m/n/10 )$,
 []

[9]
Overfull \hbox (16.56241pt too wide) in paragraph at lines 139--150
\OT1/cmr/m/n/10 To find the min-i-mizer $\OML/cmm/m/it/10 q\OT1/cmr/m/n/10 (\OM
L/cmm/m/it/10 x\OT1/cmr/m/n/10 )$, we cal-cu-late the par-tial deriva-tives of 
$[] []$
 []

[10] [11])
(C:\Shengbo\Research\Submissions\MLJ_submission_basedon_ECML_2012_sbsl\experime
nt.tex [12] [13] <InforGain_UK.pdf, id=112, 845.1575pt x 597.23125pt>
File: InforGain_UK.pdf Graphic file (type pdf)

<use InforGain_UK.pdf>
Package pdftex.def Info: InforGain_UK.pdf used on input line 274.
(pdftex.def)             Requested size: 845.15544pt x 597.22978pt.
 <WLAccuracy_UK.pdf, id=113, 845.1575pt x 597.23125pt>
File: WLAccuracy_UK.pdf Graphic file (type pdf)

<use WLAccuracy_UK.pdf>
Package pdftex.def Info: WLAccuracy_UK.pdf used on input line 274.
(pdftex.def)             Requested size: 845.15544pt x 597.22978pt.
 <ScoreError_UK.pdf, id=114, 845.1575pt x 597.23125pt>
File: ScoreError_UK.pdf Graphic file (type pdf)

<use ScoreError_UK.pdf>
Package pdftex.def Info: ScoreError_UK.pdf used on input line 274.
(pdftex.def)             Requested size: 845.15544pt x 597.22978pt.

Overfull \hbox (41.28831pt too wide) in paragraph at lines 274--274
 [][] 
 []

<InforGain_Halo.pdf, id=115, 845.1575pt x 597.23125pt>
File: InforGain_Halo.pdf Graphic file (type pdf)

<use InforGain_Halo.pdf>
Package pdftex.def Info: InforGain_Halo.pdf used on input line 282.
(pdftex.def)             Requested size: 845.15544pt x 597.22978pt.

<WLAccuracy_Halo.pdf, id=116, 845.1575pt x 597.23125pt>
File: WLAccuracy_Halo.pdf Graphic file (type pdf)

<use WLAccuracy_Halo.pdf>
Package pdftex.def Info: WLAccuracy_Halo.pdf used on input line 282.
(pdftex.def)             Requested size: 845.15544pt x 597.22978pt.

<ScoreError_Halo.pdf, id=117, 845.1575pt x 597.23125pt>
File: ScoreError_Halo.pdf Graphic file (type pdf)

<use ScoreError_Halo.pdf>
Package pdftex.def Info: ScoreError_Halo.pdf used on input line 282.
(pdftex.def)             Requested size: 845.15544pt x 597.22978pt.

Overfull \hbox (41.28831pt too wide) in paragraph at lines 282--282
 [][] 
 []

<InforGain_AFL.pdf, id=118, 845.1575pt x 597.23125pt>
File: InforGain_AFL.pdf Graphic file (type pdf)
 <use InforGain_AFL.pdf>
Package pdftex.def Info: InforGain_AFL.pdf used on input line 290.
(pdftex.def)             Requested size: 845.15544pt x 597.22978pt.

<WLAccuracy_AFL.pdf, id=119, 845.1575pt x 597.23125pt>
File: WLAccuracy_AFL.pdf Graphic file (type pdf)

<use WLAccuracy_AFL.pdf>
Package pdftex.def Info: WLAccuracy_AFL.pdf used on input line 290.
(pdftex.def)             Requested size: 845.15544pt x 597.22978pt.

<ScoreError_AFL.pdf, id=120, 845.1575pt x 597.23125pt>
File: ScoreError_AFL.pdf Graphic file (type pdf)

<use ScoreError_AFL.pdf>
Package pdftex.def Info: ScoreError_AFL.pdf used on input line 290.
(pdftex.def)             Requested size: 845.15544pt x 597.22978pt.

Overfull \hbox (41.28831pt too wide) in paragraph at lines 290--290
 [][] 
 []

[14] (Commented text...) (Commented text...))
(C:\Shengbo\Research\Submissions\MLJ_submission_basedon_ECML_2012_sbsl\relatedw
ork.tex
Underfull \vbox (badness 10000) has occurred while \output is active []

 [15 <C:/Shengbo/Research/Submissions/MLJ_submission_basedon_ECML_2012_sbsl/Inf
orGain_UK.pdf, page is rotated 90 degrees> <C:/Shengbo/Research/Submissions/MLJ
_submission_basedon_ECML_2012_sbsl/WLAccuracy_UK.pdf, page is rotated 90 degree
s> <C:/Shengbo/Research/Submissions/MLJ_submission_basedon_ECML_2012_sbsl/Score
Error_UK.pdf, page is rotated 90 degrees> <C:/Shengbo/Research/Submissions/MLJ_
submission_basedon_ECML_2012_sbsl/InforGain_Halo.pdf, page is rotated 90 degree
s> <C:/Shengbo/Research/Submissions/MLJ_submission_basedon_ECML_2012_sbsl/WLAcc
uracy_Halo.pdf, page is rotated 90 degrees> <C:/Shengbo/Research/Submissions/ML
J_submission_basedon_ECML_2012_sbsl/ScoreError_Halo.pdf, page is rotated 90 deg
rees> <C:/Shengbo/Research/Submissions/MLJ_submission_basedon_ECML_2012_sbsl/In
forGain_AFL.pdf, page is rotated 90 degrees> <C:/Shengbo/Research/Submissions/M
LJ_submission_basedon_ECML_2012_sbsl/WLAccuracy_AFL.pdf, page is rotated 90 deg
rees> <C:/Shengbo/Research/Submissions/MLJ_submission_basedon_ECML_2012_sbsl/Sc
oreError_AFL.pdf, page is rotated 90 degrees>])
(C:\Shengbo\Research\Submissions\MLJ_submission_basedon_ECML_2012_sbsl\conclusi
on.tex [16])
(C:\Shengbo\Research\Submissions\MLJ_submission_basedon_ECML_2012_sbsl\bib.tex)
[17]
(C:\Shengbo\Research\Submissions\MLJ_submission_basedon_ECML_2012_sbsl\sbsl_mlj
.aux)

LaTeX Warning: There were multiply-defined labels.

 ) 
Here is how much of TeX's memory you used:
 3114 strings out of 494045
 44195 string characters out of 3148390
 95304 words of memory out of 3000000
 6342 multiletter control sequences out of 15000+200000
 15558 words of font info for 57 fonts, out of 3000000 for 9000
 715 hyphenation exceptions out of 8191
 27i,18n,25p,1295b,324s stack positions out of 5000i,500n,10000p,200000b,50000s
<C:/Program Files/MiKTeX 2.9/fonts/type1/public/amsfonts/cm/cmbsy10.pfb><C:/P
rogram Files/MiKTeX 2.9/fonts/type1/public/amsfonts/cm/cmbx10.pfb><C:/Program F
iles/MiKTeX 2.9/fonts/type1/public/amsfonts/cm/cmbx12.pfb><C:/Program Files/MiK
TeX 2.9/fonts/type1/public/amsfonts/cm/cmbx8.pfb><C:/Program Files/MiKTeX 2.9/f
onts/type1/public/amsfonts/cm/cmex10.pfb><C:/Program Files/MiKTeX 2.9/fonts/typ
e1/public/amsfonts/cm/cmmi10.pfb><C:/Program Files/MiKTeX 2.9/fonts/type1/publi
c/amsfonts/cm/cmmi5.pfb><C:/Program Files/MiKTeX 2.9/fonts/type1/public/amsfont
s/cm/cmmi6.pfb><C:/Program Files/MiKTeX 2.9/fonts/type1/public/amsfonts/cm/cmmi
7.pfb><C:/Program Files/MiKTeX 2.9/fonts/type1/public/amsfonts/cm/cmmi8.pfb><C:
/Program Files/MiKTeX 2.9/fonts/type1/public/amsfonts/cm/cmr10.pfb><C:/Program 
Files/MiKTeX 2.9/fonts/type1/public/amsfonts/cm/cmr5.pfb><C:/Program Files/MiKT
eX 2.9/fonts/type1/public/amsfonts/cm/cmr6.pfb><C:/Program Files/MiKTeX 2.9/fon
ts/type1/public/amsfonts/cm/cmr7.pfb><C:/Program Files/MiKTeX 2.9/fonts/type1/p
ublic/amsfonts/cm/cmr8.pfb><C:/Program Files/MiKTeX 2.9/fonts/type1/public/amsf
onts/cm/cmsy10.pfb><C:/Program Files/MiKTeX 2.9/fonts/type1/public/amsfonts/cm/
cmsy5.pfb><C:/Program Files/MiKTeX 2.9/fonts/type1/public/amsfonts/cm/cmsy7.pfb
><C:/Program Files/MiKTeX 2.9/fonts/type1/public/amsfonts/cm/cmsy8.pfb><C:/Prog
ram Files/MiKTeX 2.9/fonts/type1/public/amsfonts/cm/cmti10.pfb><C:/Program File
s/MiKTeX 2.9/fonts/type1/public/amsfonts/cm/cmti7.pfb><C:/Program Files/MiKTeX 
2.9/fonts/type1/public/amsfonts/cm/cmti8.pfb><C:/Program Files/MiKTeX 2.9/fonts
/type1/public/amsfonts/cm/cmtt8.pfb><C:/Program Files/MiKTeX 2.9/fonts/type1/pu
blic/amsfonts/symbols/msbm10.pfb><C:/Program Files/MiKTeX 2.9/fonts/type1/publi
c/amsfonts/symbols/msbm7.pfb>
Output written on sbsl_mlj.pdf (17 pages, 442324 bytes).
PDF statistics:
 252 PDF objects out of 1000 (max. 8388607)
 0 named destinations out of 1000 (max. 500000)
 61 words of extra memory for PDF output out of 10000 (max. 10000000)

